<?xml version="1.0" encoding="UTF-8" ?>
<testsuite errors="0" failures="1" hostname="szabta-macbook.dhcp-s.itemis.de" name="jetbrains.mps.testbench.junit.suites.AntModuleTestSuite" skipped="0" tests="1" time="0.035" timestamp="2015-07-31T12:47:51">
  <properties>
    <property name="java.vendor" value="Oracle Corporation" />
    <property name="sun.java.launcher" value="SUN_STANDARD" />
    <property name="sun.management.compiler" value="HotSpot 64-Bit Tiered Compilers" />
    <property name="os.name" value="Mac OS X" />
    <property name="build.tmp" value="/Users/szabta/git/mbeddr.core/code/plugins/mps-incquery/build/tmp/org.eclipse.incquery.mps.test" />
    <property name="sun.boot.class.path" value="/Library/Java/JavaVirtualMachines/jdk1.8.0_25.jdk/Contents/Home/jre/lib/resources.jar:/Library/Java/JavaVirtualMachines/jdk1.8.0_25.jdk/Contents/Home/jre/lib/rt.jar:/Library/Java/JavaVirtualMachines/jdk1.8.0_25.jdk/Contents/Home/jre/lib/sunrsasign.jar:/Library/Java/JavaVirtualMachines/jdk1.8.0_25.jdk/Contents/Home/jre/lib/jsse.jar:/Library/Java/JavaVirtualMachines/jdk1.8.0_25.jdk/Contents/Home/jre/lib/jce.jar:/Library/Java/JavaVirtualMachines/jdk1.8.0_25.jdk/Contents/Home/jre/lib/charsets.jar:/Library/Java/JavaVirtualMachines/jdk1.8.0_25.jdk/Contents/Home/jre/lib/jfr.jar:/Library/Java/JavaVirtualMachines/jdk1.8.0_25.jdk/Contents/Home/jre/classes" />
    <property name="user.country.format" value="HU" />
    <property name="java.vm.specification.vendor" value="Oracle Corporation" />
    <property name="ant.home" value="/Applications/MPS_3.2.2.app/Contents/lib/ant" />
    <property name="java.runtime.version" value="1.8.0_25-b17" />
    <property name="mps.home" value="/Applications/MPS_3.2.2.app/Contents" />
    <property name="user.name" value="szabta" />
    <property name="mps.build.vcs.number" value="96f0f0382f100187445e40b432d7521fbc7e1e5a" />
    <property name="mps.idea.platform.build.number" value="IC-111.277" />
    <property name="build.dir" value="/Users/szabta/git/mbeddr.core/code/plugins/mps-incquery/build" />
    <property name="user.language" value="en" />
    <property name="sun.boot.library.path" value="/Library/Java/JavaVirtualMachines/jdk1.8.0_25.jdk/Contents/Home/jre/lib" />
    <property name="ant.project.default-target" value="build" />
    <property name="ant.project.name" value="org.eclipse.incquery.mps.test" />
    <property name="java.version" value="1.8.0_25" />
    <property name="import.mps.mps.idea.platform.build.number" value="IC-111.277" />
    <property name="user.timezone" value="Europe/Berlin" />
    <property name="mps.teamcity.buildConfName" value="Continuous integration (distribution)" />
    <property name="sun.arch.data.model" value="64" />
    <property name="mps.libraries.path.string" value="/Applications/MPS_3.2.2.app/Contents/languages/baseLanguage/jetbrains.mps.baseLanguage.blTypes.jar:/Applications/MPS_3.2.2.app/Contents/languages/baseLanguage/jetbrains.mps.baseLanguage.classifiers.jar:/Applications/MPS_3.2.2.app/Contents/languages/baseLanguage/jetbrains.mps.baseLanguage.closures.jar:/Applications/MPS_3.2.2.app/Contents/languages/baseLanguage/jetbrains.mps.baseLanguage.collections.jar:/Applications/MPS_3.2.2.app/Contents/languages/baseLanguage/jetbrains.mps.baseLanguage.extensionMethods.jar:/Applications/MPS_3.2.2.app/Contents/languages/baseLanguage/jetbrains.mps.baseLanguage.jar:/Applications/MPS_3.2.2.app/Contents/languages/baseLanguage/jetbrains.mps.baseLanguage.javadoc.jar:/Applications/MPS_3.2.2.app/Contents/languages/baseLanguage/jetbrains.mps.baseLanguage.jdk7.jar:/Applications/MPS_3.2.2.app/Contents/languages/baseLanguage/jetbrains.mps.baseLanguage.logging.jar:/Applications/MPS_3.2.2.app/Contents/languages/baseLanguage/jetbrains.mps.baseLanguage.logging.runtime.jar:/Applications/MPS_3.2.2.app/Contents/languages/baseLanguage/jetbrains.mps.baseLanguage.scopes.jar:/Applications/MPS_3.2.2.app/Contents/languages/baseLanguage/jetbrains.mps.baseLanguage.tuples.jar:/Applications/MPS_3.2.2.app/Contents/languages/baseLanguage/jetbrains.mps.baseLanguage.unitTest.libs/jetbrains.mps.baseLanguage.unitTest.libs.jar:/Applications/MPS_3.2.2.app/Contents/languages/baseLanguage/jetbrains.mps.baseLanguageInternal.jar:/Applications/MPS_3.2.2.app/Contents/languages/devkits/jetbrains.mps.devkit.bootstrap-languages.devkit:/Applications/MPS_3.2.2.app/Contents/languages/devkits/jetbrains.mps.devkit.general-purpose.devkit:/Applications/MPS_3.2.2.app/Contents/languages/devkits/jetbrains.mps.devkit.language-design.devkit:/Applications/MPS_3.2.2.app/Contents/languages/languageDesign/jetbrains.mps.lang.actions.jar:/Applications/MPS_3.2.2.app/Contents/languages/languageDesign/jetbrains.mps.lang.behavior.jar:/Applications/MPS_3.2.2.app/Contents/languages/languageDesign/jetbrains.mps.lang.checkedName.jar:/Applications/MPS_3.2.2.app/Contents/languages/languageDesign/jetbrains.mps.lang.classLike.jar:/Applications/MPS_3.2.2.app/Contents/languages/languageDesign/jetbrains.mps.lang.constraints.jar:/Applications/MPS_3.2.2.app/Contents/languages/languageDesign/jetbrains.mps.lang.core.jar:/Applications/MPS_3.2.2.app/Contents/languages/languageDesign/jetbrains.mps.lang.editor.jar:/Applications/MPS_3.2.2.app/Contents/languages/languageDesign/jetbrains.mps.lang.generator.generationContext.jar:/Applications/MPS_3.2.2.app/Contents/languages/languageDesign/jetbrains.mps.lang.generator.jar:/Applications/MPS_3.2.2.app/Contents/languages/languageDesign/jetbrains.mps.lang.intentions.jar:/Applications/MPS_3.2.2.app/Contents/languages/languageDesign/jetbrains.mps.lang.migration.jar:/Applications/MPS_3.2.2.app/Contents/languages/languageDesign/jetbrains.mps.lang.migration.runtime.jar:/Applications/MPS_3.2.2.app/Contents/languages/languageDesign/jetbrains.mps.lang.pattern.jar:/Applications/MPS_3.2.2.app/Contents/languages/languageDesign/jetbrains.mps.lang.plugin.jar:/Applications/MPS_3.2.2.app/Contents/languages/languageDesign/jetbrains.mps.lang.project.jar:/Applications/MPS_3.2.2.app/Contents/languages/languageDesign/jetbrains.mps.lang.quotation.jar:/Applications/MPS_3.2.2.app/Contents/languages/languageDesign/jetbrains.mps.lang.refactoring.jar:/Applications/MPS_3.2.2.app/Contents/languages/languageDesign/jetbrains.mps.lang.resources.jar:/Applications/MPS_3.2.2.app/Contents/languages/languageDesign/jetbrains.mps.lang.scopes.jar:/Applications/MPS_3.2.2.app/Contents/languages/languageDesign/jetbrains.mps.lang.scopes.runtime.jar:/Applications/MPS_3.2.2.app/Contents/languages/languageDesign/jetbrains.mps.lang.script.jar:/Applications/MPS_3.2.2.app/Contents/languages/languageDesign/jetbrains.mps.lang.sharedConcepts.jar:/Applications/MPS_3.2.2.app/Contents/languages/languageDesign/jetbrains.mps.lang.smodel.jar:/Applications/MPS_3.2.2.app/Contents/languages/languageDesign/jetbrains.mps.lang.structure.jar:/Applications/MPS_3.2.2.app/Contents/languages/languageDesign/jetbrains.mps.lang.textGen.jar:/Applications/MPS_3.2.2.app/Contents/languages/languageDesign/jetbrains.mps.lang.traceable.jar:/Applications/MPS_3.2.2.app/Contents/languages/languageDesign/jetbrains.mps.lang.typesystem.jar:/Applications/MPS_3.2.2.app/Contents/languages/make/jetbrains.mps.make.reduced.jar:/Applications/MPS_3.2.2.app/Contents/languages/make/jetbrains.mps.tool.gentest.jar:/Applications/MPS_3.2.2.app/Contents/lib/mps-closures.jar:/Applications/MPS_3.2.2.app/Contents/lib/mps-collections.jar:/Applications/MPS_3.2.2.app/Contents/lib/mps-core.jar:/Applications/MPS_3.2.2.app/Contents/lib/mps-editor.jar:/Applications/MPS_3.2.2.app/Contents/lib/mps-openapi.jar:/Applications/MPS_3.2.2.app/Contents/lib/mps-platform.jar:/Applications/MPS_3.2.2.app/Contents/lib/mps-test.jar:/Applications/MPS_3.2.2.app/Contents/lib/mps-tool.jar:/Applications/MPS_3.2.2.app/Contents/lib/mps-tuples.jar:/Applications/MPS_3.2.2.app/Contents/lib/mps-workbench.jar:/Applications/MPS_3.2.2.app/Contents/plugins/mps-testing/languages/baseLanguage/jetbrains.mps.baseLanguage.unitTest.jar:/Applications/MPS_3.2.2.app/Contents/plugins/mps-testing/languages/languageDesign/jetbrains.mps.lang.test.jar:/Applications/MPS_3.2.2.app/Contents/plugins/mps-testing/languages/languageDesign/jetbrains.mps.lang.test.runtime.jar:/Applications/MPS_3.2.2.app/Contents/plugins/mps-testing/lib/jetbrains.mps.lang.test.util.jar:/Users/szabta/git/mbeddr.core/code/plugins/mps-incquery/build/artifacts/org.eclipse.incquery.mps.test/org.eclipse.incquery.mps.test.jar:/Users/szabta/git/mbeddr.core/code/plugins/mps-incquery/build/tmp/org.eclipse.incquery.mps.test/deps/org.eclipse.incquery.mps/org.eclipse.incquery.mps.zip/org.eclipse.incquery.mps/languages/org.eclipse.incquery.mps/org.eclipse.incquery.mps.jar:/Users/szabta/git/mbeddr.core/code/plugins/mps-incquery/build/tmp/org.eclipse.incquery.mps.test/deps/org.eclipse.incquery.mps/org.eclipse.incquery.mps.zip/org.eclipse.incquery.mps/languages/org.eclipse.incquery.mps/org.eclipse.incquery.mps.pluginSolution.jar:/Users/szabta/git/mbeddr.core/code/plugins/mps-incquery/build/tmp/org.eclipse.incquery.mps.test/deps/org.eclipse.incquery.mps/org.eclipse.incquery.mps.zip/org.eclipse.incquery.mps/languages/org.eclipse.incquery.mps/org.eclipse.incquery.mps.runtime.jar" />
    <property name="http.nonProxyHosts" value="local|*.local|169.254/16|*.169.254/16" />
    <property name="java.endorsed.dirs" value="/Library/Java/JavaVirtualMachines/jdk1.8.0_25.jdk/Contents/Home/jre/lib/endorsed" />
    <property name="import.mps.mps.date" value="20150520" />
    <property name="sun.cpu.isalist" value="" />
    <property name="sun.jnu.encoding" value="UTF-8" />
    <property name="file.encoding.pkg" value="sun.io" />
    <property name="mps.date" value="20150520" />
    <property name="file.separator" value="/" />
    <property name="java.specification.name" value="Java Platform API Specification" />
    <property name="ant.file.org.eclipse.incquery.mps.test" value="/Users/szabta/git/mbeddr.core/code/plugins/mps-incquery/build_test.xml" />
    <property name="java.class.version" value="52.0" />
    <property name="user.country" value="US" />
    <property name="java.home" value="/Library/Java/JavaVirtualMachines/jdk1.8.0_25.jdk/Contents/Home/jre" />
    <property name="java.vm.info" value="mixed mode" />
    <property name="ant.file" value="/Users/szabta/git/mbeddr.core/code/plugins/mps-incquery/build_test.xml" />
    <property name="os.version" value="10.10.4" />
    <property name="import.mps.mps.build.number" value="MPS-139.2566" />
    <property name="import.mps.mps.teamcity.buildConfName" value="Continuous integration (distribution)" />
    <property name="path.separator" value=":" />
    <property name="java.vm.version" value="25.25-b02" />
    <property name="ant.library.dir" value="/Applications/MPS_3.2.2.app/Contents/lib/ant/lib" />
    <property name="plugin.path" value="/Applications/MPS_3.2.2.app/Contents/plugins/mps-build:/Applications/MPS_3.2.2.app/Contents/plugins/mps-core:/Applications/MPS_3.2.2.app/Contents/plugins/mps-testing:/Users/szabta/git/mbeddr.core/code/plugins/mps-incquery/build/tmp/org.eclipse.incquery.mps.test/deps/org.eclipse.incquery.mps/org.eclipse.incquery.mps.zip/org.eclipse.incquery.mps" />
    <property name="java.awt.printerjob" value="sun.lwawt.macosx.CPrinterJob" />
    <property name="sun.io.unicode.encoding" value="UnicodeBig" />
    <property name="artifacts.mps" value="/Applications/MPS_3.2.2.app/Contents" />
    <property name="awt.toolkit" value="sun.lwawt.macosx.LWCToolkit" />
    <property name="socksNonProxyHosts" value="local|*.local|169.254/16|*.169.254/16" />
    <property name="ftp.nonProxyHosts" value="local|*.local|169.254/16|*.169.254/16" />
    <property name="user.home" value="/Users/szabta" />
    <property name="mps.tests.path.string" value="/Users/szabta/git/mbeddr.core/code/plugins/mps-incquery/build/artifacts/org.eclipse.incquery.mps.test/org.eclipse.incquery.mps.test.runtime.jar" />
    <property name="java.specification.vendor" value="Oracle Corporation" />
    <property name="java.library.path" value="/Users/szabta/Library/Java/Extensions:/Library/Java/Extensions:/Network/Library/Java/Extensions:/System/Library/Java/Extensions:/usr/lib/java:." />
    <property name="java.vendor.url" value="http://java.oracle.com/" />
    <property name="java.vm.vendor" value="Oracle Corporation" />
    <property name="gopherProxySet" value="false" />
    <property name="java.runtime.name" value="Java(TM) SE Runtime Environment" />
    <property name="sun.java.command" value="org.apache.tools.ant.taskdefs.optional.junit.JUnitTestRunner jetbrains.mps.testbench.junit.suites.AntModuleTestSuite skipNonTests=false filtertrace=true haltOnError=false haltOnFailure=false showoutput=true outputtoformatters=true logfailedtests=true threadid=0 logtestlistenerevents=false formatter=org.apache.tools.ant.taskdefs.optional.junit.XMLJUnitResultFormatter,/Users/szabta/git/mbeddr.core/code/plugins/mps-incquery/TEST-jetbrains.mps.testbench.junit.suites.AntModuleTestSuite-sample.xml crashfile=/Users/szabta/git/mbeddr.core/code/plugins/mps-incquery/junitvmwatcher2694983131560452053.properties propsfile=/Users/szabta/git/mbeddr.core/code/plugins/mps-incquery/junit2706634320492740542.properties" />
    <property name="java.class.path" value="/Applications/MPS_3.2.2.app/Contents/lib/annotations.jar:/Applications/MPS_3.2.2.app/Contents/lib/ant/lib/ant-antlr.jar:/Applications/MPS_3.2.2.app/Contents/lib/ant/lib/ant-apache-bcel.jar:/Applications/MPS_3.2.2.app/Contents/lib/ant/lib/ant-apache-bsf.jar:/Applications/MPS_3.2.2.app/Contents/lib/ant/lib/ant-apache-log4j.jar:/Applications/MPS_3.2.2.app/Contents/lib/ant/lib/ant-apache-oro.jar:/Applications/MPS_3.2.2.app/Contents/lib/ant/lib/ant-apache-regexp.jar:/Applications/MPS_3.2.2.app/Contents/lib/ant/lib/ant-apache-resolver.jar:/Applications/MPS_3.2.2.app/Contents/lib/ant/lib/ant-apache-xalan2.jar:/Applications/MPS_3.2.2.app/Contents/lib/ant/lib/ant-commons-logging.jar:/Applications/MPS_3.2.2.app/Contents/lib/ant/lib/ant-commons-net.jar:/Applications/MPS_3.2.2.app/Contents/lib/ant/lib/ant-jai.jar:/Applications/MPS_3.2.2.app/Contents/lib/ant/lib/ant-javamail.jar:/Applications/MPS_3.2.2.app/Contents/lib/ant/lib/ant-jdepend.jar:/Applications/MPS_3.2.2.app/Contents/lib/ant/lib/ant-jmf.jar:/Applications/MPS_3.2.2.app/Contents/lib/ant/lib/ant-jsch.jar:/Applications/MPS_3.2.2.app/Contents/lib/ant/lib/ant-junit.jar:/Applications/MPS_3.2.2.app/Contents/lib/ant/lib/ant-junit4.jar:/Applications/MPS_3.2.2.app/Contents/lib/ant/lib/ant-launcher.jar:/Applications/MPS_3.2.2.app/Contents/lib/ant/lib/ant-mps.jar:/Applications/MPS_3.2.2.app/Contents/lib/ant/lib/ant-netrexx.jar:/Applications/MPS_3.2.2.app/Contents/lib/ant/lib/ant-swing.jar:/Applications/MPS_3.2.2.app/Contents/lib/ant/lib/ant-testutil.jar:/Applications/MPS_3.2.2.app/Contents/lib/ant/lib/ant.jar:/Applications/MPS_3.2.2.app/Contents/lib/asm-all.jar:/Applications/MPS_3.2.2.app/Contents/lib/asm-commons.jar:/Applications/MPS_3.2.2.app/Contents/lib/asm.jar:/Applications/MPS_3.2.2.app/Contents/lib/automaton.jar:/Applications/MPS_3.2.2.app/Contents/lib/beansbinding-1.2.1.jar:/Applications/MPS_3.2.2.app/Contents/lib/boot.jar:/Applications/MPS_3.2.2.app/Contents/lib/bootstrap.jar:/Applications/MPS_3.2.2.app/Contents/lib/branding.jar:/Applications/MPS_3.2.2.app/Contents/lib/cglib-2.2.2.jar:/Applications/MPS_3.2.2.app/Contents/lib/commons-codec-1.8.jar:/Applications/MPS_3.2.2.app/Contents/lib/commons-httpclient-3.1-patched.jar:/Applications/MPS_3.2.2.app/Contents/lib/commons-logging-1.1.3.jar:/Applications/MPS_3.2.2.app/Contents/lib/commons-net-3.1.jar:/Applications/MPS_3.2.2.app/Contents/lib/diffutils-1.2.1.jar:/Applications/MPS_3.2.2.app/Contents/lib/ecj-4.4.jar:/Applications/MPS_3.2.2.app/Contents/lib/extensions.jar:/Applications/MPS_3.2.2.app/Contents/lib/fluent-hc-4.3.2.jar:/Applications/MPS_3.2.2.app/Contents/lib/forms_rt.jar:/Applications/MPS_3.2.2.app/Contents/lib/gson-2.2.4.jar:/Applications/MPS_3.2.2.app/Contents/lib/guava-17.0.jar:/Applications/MPS_3.2.2.app/Contents/lib/hamcrest-core-1.3.jar:/Applications/MPS_3.2.2.app/Contents/lib/hamcrest-library-1.3.jar:/Applications/MPS_3.2.2.app/Contents/lib/httpclient-4.3.2.jar:/Applications/MPS_3.2.2.app/Contents/lib/httpcore-4.3.1.jar:/Applications/MPS_3.2.2.app/Contents/lib/httpmime-4.3.2.jar:/Applications/MPS_3.2.2.app/Contents/lib/icons.jar:/Applications/MPS_3.2.2.app/Contents/lib/javac2.jar:/Applications/MPS_3.2.2.app/Contents/lib/jaxen-1.1.3.jar:/Applications/MPS_3.2.2.app/Contents/lib/jayatana-1.2.4.jar:/Applications/MPS_3.2.2.app/Contents/lib/jdom.jar:/Applications/MPS_3.2.2.app/Contents/lib/jgoodies-common-1.2.1.jar:/Applications/MPS_3.2.2.app/Contents/lib/jgoodies-forms.jar:/Applications/MPS_3.2.2.app/Contents/lib/jgoodies-looks-2.4.2.jar:/Applications/MPS_3.2.2.app/Contents/lib/jh.jar:/Applications/MPS_3.2.2.app/Contents/lib/jna-utils.jar:/Applications/MPS_3.2.2.app/Contents/lib/jna.jar:/Applications/MPS_3.2.2.app/Contents/lib/jsch-0.1.51.jar:/Applications/MPS_3.2.2.app/Contents/lib/jsr166e.jar:/Applications/MPS_3.2.2.app/Contents/lib/jsr173_1.0_api.jar:/Applications/MPS_3.2.2.app/Contents/lib/junit-4.11.jar:/Applications/MPS_3.2.2.app/Contents/lib/junit.jar:/Applications/MPS_3.2.2.app/Contents/lib/log4j.jar:/Applications/MPS_3.2.2.app/Contents/lib/microba.jar:/Applications/MPS_3.2.2.app/Contents/lib/miglayout-swing.jar:/Applications/MPS_3.2.2.app/Contents/lib/mps-boot.jar:/Applications/MPS_3.2.2.app/Contents/lib/mps-closures.jar:/Applications/MPS_3.2.2.app/Contents/lib/mps-collections.jar:/Applications/MPS_3.2.2.app/Contents/lib/mps-core.jar:/Applications/MPS_3.2.2.app/Contents/lib/mps-editor-api.jar:/Applications/MPS_3.2.2.app/Contents/lib/mps-editor-runtime.jar:/Applications/MPS_3.2.2.app/Contents/lib/mps-editor.jar:/Applications/MPS_3.2.2.app/Contents/lib/mps-icons.jar:/Applications/MPS_3.2.2.app/Contents/lib/mps-openapi.jar:/Applications/MPS_3.2.2.app/Contents/lib/mps-platform.jar:/Applications/MPS_3.2.2.app/Contents/lib/mps-resources.jar:/Applications/MPS_3.2.2.app/Contents/lib/mps-resources_en.jar:/Applications/MPS_3.2.2.app/Contents/lib/mps-test.jar:/Applications/MPS_3.2.2.app/Contents/lib/mps-tool.jar:/Applications/MPS_3.2.2.app/Contents/lib/mps-tuples.jar:/Applications/MPS_3.2.2.app/Contents/lib/mps-workbench.jar:/Applications/MPS_3.2.2.app/Contents/lib/nanoxml-2.2.3.jar:/Applications/MPS_3.2.2.app/Contents/lib/netty-all-4.1.0.Beta3.jar:/Applications/MPS_3.2.2.app/Contents/lib/oromatcher.jar:/Applications/MPS_3.2.2.app/Contents/lib/picocontainer.jar:/Applications/MPS_3.2.2.app/Contents/lib/platform-api.jar:/Applications/MPS_3.2.2.app/Contents/lib/platform.jar:/Applications/MPS_3.2.2.app/Contents/lib/proxy-vole_20120920.jar:/Applications/MPS_3.2.2.app/Contents/lib/resolver.jar:/Applications/MPS_3.2.2.app/Contents/lib/resources.jar:/Applications/MPS_3.2.2.app/Contents/lib/resources_en.jar:/Applications/MPS_3.2.2.app/Contents/lib/sanselan-0.98-snapshot.jar:/Applications/MPS_3.2.2.app/Contents/lib/serviceMessages.jar:/Applications/MPS_3.2.2.app/Contents/lib/snappy-in-java-0.3.jar:/Applications/MPS_3.2.2.app/Contents/lib/swingx-core-1.6.2.jar:/Applications/MPS_3.2.2.app/Contents/lib/tools.jar:/Applications/MPS_3.2.2.app/Contents/lib/trove4j.jar:/Applications/MPS_3.2.2.app/Contents/lib/util.jar:/Applications/MPS_3.2.2.app/Contents/lib/velocity.jar:/Applications/MPS_3.2.2.app/Contents/lib/winp-1.21-patched.jar:/Applications/MPS_3.2.2.app/Contents/lib/xbean.jar:/Applications/MPS_3.2.2.app/Contents/lib/xerces.jar:/Applications/MPS_3.2.2.app/Contents/lib/xmlrpc-2.0.jar:/Applications/MPS_3.2.2.app/Contents/lib/xpp3-1.1.4-min.jar:/Applications/MPS_3.2.2.app/Contents/lib/xstream-1.4.3.jar:/Applications/MPS_3.2.2.app/Contents/plugins/mps-testing/lib/icons.jar:/Applications/MPS_3.2.2.app/Contents/plugins/mps-testing/lib/jetbrains.mps.lang.test.util.jar:/Users/szabta/git/mbeddr.core/code/plugins/mps-incquery/build/tmp/org.eclipse.incquery.mps.test/deps/org.eclipse.incquery.mps/org.eclipse.incquery.mps.zip/org.eclipse.incquery.mps/lib/com.google.guava_15.0.0.v201403281430.jar:/Users/szabta/git/mbeddr.core/code/plugins/mps-incquery/build/tmp/org.eclipse.incquery.mps.test/deps/org.eclipse.incquery.mps/org.eclipse.incquery.mps.zip/org.eclipse.incquery.mps/lib/org.apache.log4j_1.2.15.v201012070815.jar:/Users/szabta/git/mbeddr.core/code/plugins/mps-incquery/build/tmp/org.eclipse.incquery.mps.test/deps/org.eclipse.incquery.mps/org.eclipse.incquery.mps.zip/org.eclipse.incquery.mps/lib/org.eclipse.core.databinding.observable_1.4.1.v20140210-1835.jar:/Users/szabta/git/mbeddr.core/code/plugins/mps-incquery/build/tmp/org.eclipse.incquery.mps.test/deps/org.eclipse.incquery.mps/org.eclipse.incquery.mps.zip/org.eclipse.incquery.mps/lib/org.eclipse.core.runtime_3.10.0.v20140318-2214.jar:/Users/szabta/git/mbeddr.core/code/plugins/mps-incquery/build/tmp/org.eclipse.incquery.mps.test/deps/org.eclipse.incquery.mps/org.eclipse.incquery.mps.zip/org.eclipse.incquery.mps/lib/org.eclipse.emf.common_2.10.0.v20140514-1158.jar:/Users/szabta/git/mbeddr.core/code/plugins/mps-incquery/build/tmp/org.eclipse.incquery.mps.test/deps/org.eclipse.incquery.mps/org.eclipse.incquery.mps.zip/org.eclipse.incquery.mps/lib/org.eclipse.emf.ecore.xmi_2.10.0.v20140514-1158.jar:/Users/szabta/git/mbeddr.core/code/plugins/mps-incquery/build/tmp/org.eclipse.incquery.mps.test/deps/org.eclipse.incquery.mps/org.eclipse.incquery.mps.zip/org.eclipse.incquery.mps/lib/org.eclipse.emf.ecore_2.10.0.v20140514-1158.jar:/Users/szabta/git/mbeddr.core/code/plugins/mps-incquery/build/tmp/org.eclipse.incquery.mps.test/deps/org.eclipse.incquery.mps/org.eclipse.incquery.mps.zip/org.eclipse.incquery.mps/lib/org.eclipse.equinox.common_3.6.200.v20130402-1505.jar:/Users/szabta/git/mbeddr.core/code/plugins/mps-incquery/build/tmp/org.eclipse.incquery.mps.test/deps/org.eclipse.incquery.mps/org.eclipse.incquery.mps.zip/org.eclipse.incquery.mps/lib/org.eclipse.incquery.databinding.runtime.source_0.9.0.201409291103.jar:/Users/szabta/git/mbeddr.core/code/plugins/mps-incquery/build/tmp/org.eclipse.incquery.mps.test/deps/org.eclipse.incquery.mps/org.eclipse.incquery.mps.zip/org.eclipse.incquery.mps/lib/org.eclipse.incquery.databinding.runtime_0.9.0.201409291042.jar:/Users/szabta/git/mbeddr.core/code/plugins/mps-incquery/build/tmp/org.eclipse.incquery.mps.test/deps/org.eclipse.incquery.mps/org.eclipse.incquery.mps.zip/org.eclipse.incquery.mps/lib/org.eclipse.incquery.databinding.runtime_0.9.0.201409291103.jar:/Users/szabta/git/mbeddr.core/code/plugins/mps-incquery/build/tmp/org.eclipse.incquery.mps.test/deps/org.eclipse.incquery.mps/org.eclipse.incquery.mps.zip/org.eclipse.incquery.mps/lib/org.eclipse.incquery.runtime.base.itc.source_0.9.0.201409291103.jar:/Users/szabta/git/mbeddr.core/code/plugins/mps-incquery/build/tmp/org.eclipse.incquery.mps.test/deps/org.eclipse.incquery.mps/org.eclipse.incquery.mps.zip/org.eclipse.incquery.mps/lib/org.eclipse.incquery.runtime.base.itc_0.9.0.201409291103.jar:/Users/szabta/git/mbeddr.core/code/plugins/mps-incquery/build/tmp/org.eclipse.incquery.mps.test/deps/org.eclipse.incquery.mps/org.eclipse.incquery.mps.zip/org.eclipse.incquery.mps/lib/org.eclipse.incquery.runtime.base.source_0.9.0.201409291103.jar:/Users/szabta/git/mbeddr.core/code/plugins/mps-incquery/build/tmp/org.eclipse.incquery.mps.test/deps/org.eclipse.incquery.mps/org.eclipse.incquery.mps.zip/org.eclipse.incquery.mps/lib/org.eclipse.incquery.runtime.base_0.9.0.201409291103.jar:/Users/szabta/git/mbeddr.core/code/plugins/mps-incquery/build/tmp/org.eclipse.incquery.mps.test/deps/org.eclipse.incquery.mps/org.eclipse.incquery.mps.zip/org.eclipse.incquery.mps/lib/org.eclipse.incquery.runtime.evm.source_0.9.0.201409291103.jar:/Users/szabta/git/mbeddr.core/code/plugins/mps-incquery/build/tmp/org.eclipse.incquery.mps.test/deps/org.eclipse.incquery.mps/org.eclipse.incquery.mps.zip/org.eclipse.incquery.mps/lib/org.eclipse.incquery.runtime.evm_0.9.0.201409291103.jar:/Users/szabta/git/mbeddr.core/code/plugins/mps-incquery/build/tmp/org.eclipse.incquery.mps.test/deps/org.eclipse.incquery.mps/org.eclipse.incquery.mps.zip/org.eclipse.incquery.mps/lib/org.eclipse.incquery.runtime.matchers.source_0.9.0.201409291103.jar:/Users/szabta/git/mbeddr.core/code/plugins/mps-incquery/build/tmp/org.eclipse.incquery.mps.test/deps/org.eclipse.incquery.mps/org.eclipse.incquery.mps.zip/org.eclipse.incquery.mps/lib/org.eclipse.incquery.runtime.matchers_0.9.0.201409291103.jar:/Users/szabta/git/mbeddr.core/code/plugins/mps-incquery/build/tmp/org.eclipse.incquery.mps.test/deps/org.eclipse.incquery.mps/org.eclipse.incquery.mps.zip/org.eclipse.incquery.mps/lib/org.eclipse.incquery.runtime.rete.recipes.source_0.9.0.201409291103.jar:/Users/szabta/git/mbeddr.core/code/plugins/mps-incquery/build/tmp/org.eclipse.incquery.mps.test/deps/org.eclipse.incquery.mps/org.eclipse.incquery.mps.zip/org.eclipse.incquery.mps/lib/org.eclipse.incquery.runtime.rete.recipes_0.9.0.201409291103.jar:/Users/szabta/git/mbeddr.core/code/plugins/mps-incquery/build/tmp/org.eclipse.incquery.mps.test/deps/org.eclipse.incquery.mps/org.eclipse.incquery.mps.zip/org.eclipse.incquery.mps/lib/org.eclipse.incquery.runtime.rete.source_0.9.0.201409291103.jar:/Users/szabta/git/mbeddr.core/code/plugins/mps-incquery/build/tmp/org.eclipse.incquery.mps.test/deps/org.eclipse.incquery.mps/org.eclipse.incquery.mps.zip/org.eclipse.incquery.mps/lib/org.eclipse.incquery.runtime.rete_0.9.0.201409291103.jar:/Users/szabta/git/mbeddr.core/code/plugins/mps-incquery/build/tmp/org.eclipse.incquery.mps.test/deps/org.eclipse.incquery.mps/org.eclipse.incquery.mps.zip/org.eclipse.incquery.mps/lib/org.eclipse.incquery.runtime.source_0.9.0.201409291103.jar:/Users/szabta/git/mbeddr.core/code/plugins/mps-incquery/build/tmp/org.eclipse.incquery.mps.test/deps/org.eclipse.incquery.mps/org.eclipse.incquery.mps.zip/org.eclipse.incquery.mps/lib/org.eclipse.incquery.runtime_0.9.0.201409291103.jar:/Users/szabta/git/mbeddr.core/code/plugins/mps-incquery/build/tmp/org.eclipse.incquery.mps.test/deps/org.eclipse.incquery.mps/org.eclipse.incquery.mps.zip/org.eclipse.incquery.mps/lib/org.eclipse.osgi_3.10.0.v20140528-2014.jar:/Users/szabta/git/mbeddr.core/code/plugins/mps-incquery/build/tmp/org.eclipse.incquery.mps.test/deps/org.eclipse.incquery.mps/org.eclipse.incquery.mps.zip/org.eclipse.incquery.mps/lib/org.eclipse.xtext.xbase.lib_2.6.0.v201405210727.jar" />
    <property name="ant.version" value="Apache Ant(TM) version 1.9.4 compiled on April 29 2014" />
    <property name="java.vm.specification.name" value="Java Virtual Machine Specification" />
    <property name="ant.file.type" value="file" />
    <property name="import.mps.mps.build.vcs.number" value="96f0f0382f100187445e40b432d7521fbc7e1e5a" />
    <property name="mps.test.modules" value="/Users/szabta/git/mbeddr.core/code/plugins/mps-incquery/build/artifacts/org.eclipse.incquery.mps.test/org.eclipse.incquery.mps.test.runtime.jar" />
    <property name="java.vm.specification.version" value="1.8" />
    <property name="sun.cpu.endian" value="little" />
    <property name="sun.os.patch.level" value="unknown" />
    <property name="java.io.tmpdir" value="/var/folders/52/h6q5crn13kl02q5fg5rf_mcr0000gn/T/" />
    <property name="java.vendor.url.bug" value="http://bugreport.sun.com/bugreport/" />
    <property name="artifacts.org.eclipse.incquery.mps" value="/Users/szabta/git/mbeddr.core/code/plugins/mps-incquery/build/artifacts/org.eclipse.incquery.mps" />
    <property name="os.arch" value="x86_64" />
    <property name="java.awt.graphicsenv" value="sun.awt.CGraphicsEnvironment" />
    <property name="mpsBootstrapCore.version" value="3.2" />
    <property name="java.ext.dirs" value="/Users/szabta/Library/Java/Extensions:/Library/Java/JavaVirtualMachines/jdk1.8.0_25.jdk/Contents/Home/jre/lib/ext:/Library/Java/Extensions:/Network/Library/Java/Extensions:/System/Library/Java/Extensions:/usr/lib/java" />
    <property name="user.dir" value="/Applications/MPS_3.2.2.app/Contents/bin" />
    <property name="build.layout" value="/Users/szabta/git/mbeddr.core/code/plugins/mps-incquery/build/artifacts/org.eclipse.incquery.mps.test" />
    <property name="mps.plugins.path.string" value="/Applications/MPS_3.2.2.app/Contents/plugins/mps-build:/Applications/MPS_3.2.2.app/Contents/plugins/mps-core:/Applications/MPS_3.2.2.app/Contents/plugins/mps-testing:/Users/szabta/git/mbeddr.core/code/plugins/mps-incquery/build/tmp/org.eclipse.incquery.mps.test/deps/org.eclipse.incquery.mps/org.eclipse.incquery.mps.zip/org.eclipse.incquery.mps" />
    <property name="line.separator" value="&#xa;" />
    <property name="java.vm.name" value="Java HotSpot(TM) 64-Bit Server VM" />
    <property name="basedir" value="/Users/szabta/git/mbeddr.core/code/plugins/mps-incquery" />
    <property name="mps.build.number" value="MPS-139.2566" />
    <property name="ant.java.version" value="1.8" />
    <property name="ant.core.lib" value="/Applications/MPS_3.2.2.app/Contents/lib/ant/lib/ant.jar" />
    <property name="ant.file.type.org.eclipse.incquery.mps.test" value="file" />
    <property name="file.encoding" value="UTF-8" />
    <property name="mps.libraries" value="/Applications/MPS_3.2.2.app/Contents/languages/baseLanguage/jetbrains.mps.baseLanguage.blTypes.jar:/Applications/MPS_3.2.2.app/Contents/languages/baseLanguage/jetbrains.mps.baseLanguage.classifiers.jar:/Applications/MPS_3.2.2.app/Contents/languages/baseLanguage/jetbrains.mps.baseLanguage.closures.jar:/Applications/MPS_3.2.2.app/Contents/languages/baseLanguage/jetbrains.mps.baseLanguage.collections.jar:/Applications/MPS_3.2.2.app/Contents/languages/baseLanguage/jetbrains.mps.baseLanguage.extensionMethods.jar:/Applications/MPS_3.2.2.app/Contents/languages/baseLanguage/jetbrains.mps.baseLanguage.jar:/Applications/MPS_3.2.2.app/Contents/languages/baseLanguage/jetbrains.mps.baseLanguage.javadoc.jar:/Applications/MPS_3.2.2.app/Contents/languages/baseLanguage/jetbrains.mps.baseLanguage.jdk7.jar:/Applications/MPS_3.2.2.app/Contents/languages/baseLanguage/jetbrains.mps.baseLanguage.logging.jar:/Applications/MPS_3.2.2.app/Contents/languages/baseLanguage/jetbrains.mps.baseLanguage.logging.runtime.jar:/Applications/MPS_3.2.2.app/Contents/languages/baseLanguage/jetbrains.mps.baseLanguage.scopes.jar:/Applications/MPS_3.2.2.app/Contents/languages/baseLanguage/jetbrains.mps.baseLanguage.tuples.jar:/Applications/MPS_3.2.2.app/Contents/languages/baseLanguage/jetbrains.mps.baseLanguage.unitTest.libs/jetbrains.mps.baseLanguage.unitTest.libs.jar:/Applications/MPS_3.2.2.app/Contents/languages/baseLanguage/jetbrains.mps.baseLanguageInternal.jar:/Applications/MPS_3.2.2.app/Contents/languages/devkits/jetbrains.mps.devkit.bootstrap-languages.devkit:/Applications/MPS_3.2.2.app/Contents/languages/devkits/jetbrains.mps.devkit.general-purpose.devkit:/Applications/MPS_3.2.2.app/Contents/languages/devkits/jetbrains.mps.devkit.language-design.devkit:/Applications/MPS_3.2.2.app/Contents/languages/languageDesign/jetbrains.mps.lang.actions.jar:/Applications/MPS_3.2.2.app/Contents/languages/languageDesign/jetbrains.mps.lang.behavior.jar:/Applications/MPS_3.2.2.app/Contents/languages/languageDesign/jetbrains.mps.lang.checkedName.jar:/Applications/MPS_3.2.2.app/Contents/languages/languageDesign/jetbrains.mps.lang.classLike.jar:/Applications/MPS_3.2.2.app/Contents/languages/languageDesign/jetbrains.mps.lang.constraints.jar:/Applications/MPS_3.2.2.app/Contents/languages/languageDesign/jetbrains.mps.lang.core.jar:/Applications/MPS_3.2.2.app/Contents/languages/languageDesign/jetbrains.mps.lang.editor.jar:/Applications/MPS_3.2.2.app/Contents/languages/languageDesign/jetbrains.mps.lang.generator.generationContext.jar:/Applications/MPS_3.2.2.app/Contents/languages/languageDesign/jetbrains.mps.lang.generator.jar:/Applications/MPS_3.2.2.app/Contents/languages/languageDesign/jetbrains.mps.lang.intentions.jar:/Applications/MPS_3.2.2.app/Contents/languages/languageDesign/jetbrains.mps.lang.migration.jar:/Applications/MPS_3.2.2.app/Contents/languages/languageDesign/jetbrains.mps.lang.migration.runtime.jar:/Applications/MPS_3.2.2.app/Contents/languages/languageDesign/jetbrains.mps.lang.pattern.jar:/Applications/MPS_3.2.2.app/Contents/languages/languageDesign/jetbrains.mps.lang.plugin.jar:/Applications/MPS_3.2.2.app/Contents/languages/languageDesign/jetbrains.mps.lang.project.jar:/Applications/MPS_3.2.2.app/Contents/languages/languageDesign/jetbrains.mps.lang.quotation.jar:/Applications/MPS_3.2.2.app/Contents/languages/languageDesign/jetbrains.mps.lang.refactoring.jar:/Applications/MPS_3.2.2.app/Contents/languages/languageDesign/jetbrains.mps.lang.resources.jar:/Applications/MPS_3.2.2.app/Contents/languages/languageDesign/jetbrains.mps.lang.scopes.jar:/Applications/MPS_3.2.2.app/Contents/languages/languageDesign/jetbrains.mps.lang.scopes.runtime.jar:/Applications/MPS_3.2.2.app/Contents/languages/languageDesign/jetbrains.mps.lang.script.jar:/Applications/MPS_3.2.2.app/Contents/languages/languageDesign/jetbrains.mps.lang.sharedConcepts.jar:/Applications/MPS_3.2.2.app/Contents/languages/languageDesign/jetbrains.mps.lang.smodel.jar:/Applications/MPS_3.2.2.app/Contents/languages/languageDesign/jetbrains.mps.lang.structure.jar:/Applications/MPS_3.2.2.app/Contents/languages/languageDesign/jetbrains.mps.lang.textGen.jar:/Applications/MPS_3.2.2.app/Contents/languages/languageDesign/jetbrains.mps.lang.traceable.jar:/Applications/MPS_3.2.2.app/Contents/languages/languageDesign/jetbrains.mps.lang.typesystem.jar:/Applications/MPS_3.2.2.app/Contents/languages/make/jetbrains.mps.make.reduced.jar:/Applications/MPS_3.2.2.app/Contents/languages/make/jetbrains.mps.tool.gentest.jar:/Applications/MPS_3.2.2.app/Contents/lib/mps-closures.jar:/Applications/MPS_3.2.2.app/Contents/lib/mps-collections.jar:/Applications/MPS_3.2.2.app/Contents/lib/mps-core.jar:/Applications/MPS_3.2.2.app/Contents/lib/mps-editor.jar:/Applications/MPS_3.2.2.app/Contents/lib/mps-openapi.jar:/Applications/MPS_3.2.2.app/Contents/lib/mps-platform.jar:/Applications/MPS_3.2.2.app/Contents/lib/mps-test.jar:/Applications/MPS_3.2.2.app/Contents/lib/mps-tool.jar:/Applications/MPS_3.2.2.app/Contents/lib/mps-tuples.jar:/Applications/MPS_3.2.2.app/Contents/lib/mps-workbench.jar:/Applications/MPS_3.2.2.app/Contents/plugins/mps-testing/languages/baseLanguage/jetbrains.mps.baseLanguage.unitTest.jar:/Applications/MPS_3.2.2.app/Contents/plugins/mps-testing/languages/languageDesign/jetbrains.mps.lang.test.jar:/Applications/MPS_3.2.2.app/Contents/plugins/mps-testing/languages/languageDesign/jetbrains.mps.lang.test.runtime.jar:/Applications/MPS_3.2.2.app/Contents/plugins/mps-testing/lib/jetbrains.mps.lang.test.util.jar:/Users/szabta/git/mbeddr.core/code/plugins/mps-incquery/build/artifacts/org.eclipse.incquery.mps.test/org.eclipse.incquery.mps.test.jar:/Users/szabta/git/mbeddr.core/code/plugins/mps-incquery/build/tmp/org.eclipse.incquery.mps.test/deps/org.eclipse.incquery.mps/org.eclipse.incquery.mps.zip/org.eclipse.incquery.mps/languages/org.eclipse.incquery.mps/org.eclipse.incquery.mps.jar:/Users/szabta/git/mbeddr.core/code/plugins/mps-incquery/build/tmp/org.eclipse.incquery.mps.test/deps/org.eclipse.incquery.mps/org.eclipse.incquery.mps.zip/org.eclipse.incquery.mps/languages/org.eclipse.incquery.mps/org.eclipse.incquery.mps.pluginSolution.jar:/Users/szabta/git/mbeddr.core/code/plugins/mps-incquery/build/tmp/org.eclipse.incquery.mps.test/deps/org.eclipse.incquery.mps/org.eclipse.incquery.mps.zip/org.eclipse.incquery.mps/languages/org.eclipse.incquery.mps/org.eclipse.incquery.mps.runtime.jar" />
    <property name="mps.incquery" value="/Users/szabta/git/mbeddr.core/code/plugins/mps-incquery" />
    <property name="java.specification.version" value="1.8" />
    <property name="ant.project.invoked-targets" value="generate,assemble,test,assemble" />
    <property name="import.mps.mpsBootstrapCore.version" value="3.2" />
  </properties>
  <testcase classname="org.eclipse.incquery.mps.test.runtime.school.SimpleTest_Test" name="test_test1" time="0.003">
    <failure message="hello" type="junit.framework.AssertionFailedError">junit.framework.AssertionFailedError: hello
	at org.eclipse.incquery.mps.test.runtime.school.SimpleTest_Test.test_test1(Unknown Source)
	at jetbrains.mps.testbench.junit.runners.DelegatingRunner.run(DelegatingRunner.java:28)
</failure>
  </testcase>
  <system-out><![CDATA[[      0]   INFO - .junit.runners.MpsTestsSupport - Initializing environment 
[      4]   INFO - rm.environment.IdeaEnvironment - Creating Idea environment 
[      5]   INFO - rm.environment.IdeaEnvironment - Creating IdeaTestApplication 
[   2255]   INFO - mps.library.LibraryInitializer - Adding libraries from jetbrains.mps.library.contributor.BootstrapLibContributor 
[   2257]   INFO - mps.library.LibraryInitializer - Adding libraries from jetbrains.mps.library.LibraryManager 
[   2260]   INFO - mps.library.LibraryInitializer - Adding libraries from jetbrains.mps.library.contributor.PluginLibrariesContributor 
[   2270]   INFO - rm.environment.IdeaEnvironment - Initializing libraries 
[   2271]   INFO - mps.library.LibraryInitializer - Adding libraries from jetbrains.mps.tool.builder.util.SetLibraryContributor 
[   2271]   INFO - mps.library.LibraryInitializer - Adding libraries from jetbrains.mps.tool.builder.util.SetLibraryContributor 
[   2323]   INFO - mps.library.LibraryInitializer - Loading 87 libraries 
[   7125]   INFO - s.plugins.PluginLoaderRegistry - Loading of 86 plugins took 0.453 s 
[   7143]   INFO - rm.environment.IdeaEnvironment - Load and open the project with path '/var/folders/52/h6q5crn13kl02q5fg5rf_mcr0000gn/T/mpstemp5' 
[   7455]   INFO - mps.library.LibraryInitializer - Adding libraries from jetbrains.mps.project.ProjectLibraryManager 
[   7666]   INFO - s.project.StandaloneMPSProject - Project 'mpstemp5' opened 
[   7668]   INFO - s.project.StandaloneMPSProject - Initializing project 
[   7668]   INFO - s.project.StandaloneMPSProject - Reading modules 
[   8600]   INFO - latform.watching.ReloadSession - File system reload finished in 0.005 s 
[   8835]   INFO - s.plugins.PluginLoaderRegistry - Loading of 1 plugins took 0.001 s 
[   8836]   INFO - .junit.runners.MpsTestsSupport - Making modules within environment 
[   9184]   INFO - .junit.runners.MpsTestsSupport - Reloading modules 
]]></system-out>
  <system-err><![CDATA[]]></system-err>
</testsuite>
